<?xml version="1.0" encoding="UTF-8"?>
<!-- Generated by org.testng.reporters.JUnitXMLReporter -->
<testsuite hostname="nitu-PC" name="Default test" tests="6" failures="0" timestamp="14 May 2018 19:21:18 GMT" time="0.605" errors="0">
  <testcase name="@BeforeTest setup" time="0.0" classname="testscripts.PurchaseComputer">
    <failure type="org.testng.TestNGException" message="
Parameter &amp;apos;browser&amp;apos; is required by @Configuration on method setup but has not been marked @Optional or defined
in C:\Users\nitu\AppData\Local\Temp\testng-eclipse--357330964\testng-customsuite.xml">
      <![CDATA[org.testng.TestNGException: 
Parameter 'browser' is required by @Configuration on method setup but has not been marked @Optional or defined
in C:\Users\nitu\AppData\Local\Temp\testng-eclipse--357330964\testng-customsuite.xml
	at org.testng.internal.Parameters.createParameters(Parameters.java:165)
	at org.testng.internal.Parameters.createParameters(Parameters.java:372)
	at org.testng.internal.Parameters.createConfigurationParameters(Parameters.java:90)
	at org.testng.internal.Invoker.invokeConfigurations(Invoker.java:199)
	at org.testng.internal.Invoker.invokeConfigurations(Invoker.java:140)
	at org.testng.TestRunner.beforeRun(TestRunner.java:645)
	at org.testng.TestRunner.run(TestRunner.java:613)
	at org.testng.SuiteRunner.runTest(SuiteRunner.java:357)
	at org.testng.SuiteRunner.runSequentially(SuiteRunner.java:352)
	at org.testng.SuiteRunner.privateRun(SuiteRunner.java:310)
	at org.testng.SuiteRunner.run(SuiteRunner.java:259)
	at org.testng.SuiteRunnerWorker.runSuite(SuiteRunnerWorker.java:52)
	at org.testng.SuiteRunnerWorker.run(SuiteRunnerWorker.java:86)
	at org.testng.TestNG.runSuitesSequentially(TestNG.java:1199)
	at org.testng.TestNG.runSuitesLocally(TestNG.java:1124)
	at org.testng.TestNG.run(TestNG.java:1032)
	at org.testng.remote.AbstractRemoteTestNG.run(AbstractRemoteTestNG.java:132)
	at org.testng.remote.RemoteTestNG.initAndRun(RemoteTestNG.java:230)
	at org.testng.remote.RemoteTestNG.main(RemoteTestNG.java:76)
]]>
    </failure>
  </testcase> <!-- @BeforeTest setup -->
  <testcase name="@BeforeTest setup" time="0.0" classname="testscripts.PurchaseComputer">
    <skipped/>
  </testcase> <!-- @BeforeTest setup -->
  <testcase name="@BeforeClass setUp" time="0.0" classname="testscripts.UserSignUp">
    <skipped/>
  </testcase> <!-- @BeforeClass setUp -->
  <testcase name="@BeforeClass setUp" time="0.0" classname="testscripts.RegisterNewUser">
    <skipped/>
  </testcase> <!-- @BeforeClass setUp -->
  <testcase name="@AfterTest cleanUp" time="0.0" classname="testscripts.PurchaseComputer">
    <skipped/>
  </testcase> <!-- @AfterTest cleanUp -->
  <testcase name="purchase" time="0.005" classname="testscripts.PurchaseComputer">
    <skipped/>
  </testcase> <!-- purchase -->
  <testcase name="signUp" time="0.001" classname="testscripts.UserSignUp">
    <skipped/>
  </testcase> <!-- signUp -->
  <testcase name="registerSingleUser" time="0.0" classname="testscripts.RegisterNewUser">
    <skipped/>
  </testcase> <!-- registerSingleUser -->
  <testcase name="registerUser" time="0.002" classname="testscripts.RegisterNewUser">
    <skipped/>
  </testcase> <!-- registerUser -->
  <testcase name="registerUser" time="0.0" classname="testscripts.RegisterNewUser">
    <skipped/>
  </testcase> <!-- registerUser -->
  <testcase name="registerUser" time="0.002" classname="testscripts.RegisterNewUser">
    <skipped/>
  </testcase> <!-- registerUser -->
</testsuite> <!-- Default test -->
