<html>
<head>
<title>TestNG:  Default test</title>
<link href="../testng.css" rel="stylesheet" type="text/css" />
<link href="../my-testng.css" rel="stylesheet" type="text/css" />

<style type="text/css">
.log { display: none;} 
.stack-trace { display: none;} 
</style>
<script type="text/javascript">
<!--
function flip(e) {
  current = e.style.display;
  if (current == 'block') {
    e.style.display = 'none';
    return 0;
  }
  else {
    e.style.display = 'block';
    return 1;
  }
}

function toggleBox(szDivId, elem, msg1, msg2)
{
  var res = -1;  if (document.getElementById) {
    res = flip(document.getElementById(szDivId));
  }
  else if (document.all) {
    // this is the way old msie versions work
    res = flip(document.all[szDivId]);
  }
  if(elem) {
    if(res == 0) elem.innerHTML = msg1; else elem.innerHTML = msg2;
  }

}

function toggleAllBoxes() {
  if (document.getElementsByTagName) {
    d = document.getElementsByTagName('div');
    for (i = 0; i < d.length; i++) {
      if (d[i].className == 'log') {
        flip(d[i]);
      }
    }
  }
}

// -->
</script>

</head>
<body>
<h2 align='center'>Default test</h2><table border='1' align="center">
<tr>
<td>Tests passed/Failed/Skipped:</td><td>0/0/6</td>
</tr><tr>
<td>Started on:</td><td>Mon May 14 12:21:18 PDT 2018</td>
</tr>
<tr><td>Total time:</td><td>0 seconds (605 ms)</td>
</tr><tr>
<td>Included groups:</td><td></td>
</tr><tr>
<td>Excluded groups:</td><td></td>
</tr>
</table><p/>
<small><i>(Hover the method name to see the test class name)</i></small><p/>
<table width='100%' border='1' class='invocation-failed'>
<tr><td colspan='4' align='center'><b>FAILED CONFIGURATIONS</b></td></tr>
<tr><td><b>Test method</b></td>
<td width="30%"><b>Exception</b></td>
<td width="10%"><b>Time (seconds)</b></td>
<td><b>Instance</b></td>
</tr>
<tr>
<td title='testscripts.PurchaseComputer.setup()'><b>setup</b><br>Test class: testscripts.PurchaseComputer</td>
<td><div><pre>org.testng.TestNGException: 
Parameter &apos;browser&apos; is required by @Configuration on method setup but has not been marked @Optional or defined
in C:\Users\nitu\AppData\Local\Temp\testng-eclipse--357330964\testng-customsuite.xml
	at org.testng.internal.Parameters.createParameters(Parameters.java:165)
	at org.testng.internal.Parameters.createParameters(Parameters.java:372)
	at org.testng.internal.Parameters.createConfigurationParameters(Parameters.java:90)
	at org.testng.internal.Invoker.invokeConfigurations(Invoker.java:199)
	at org.testng.internal.Invoker.invokeConfigurations(Invoker.java:140)
	at org.testng.TestRunner.beforeRun(TestRunner.java:645)
	at org.testng.TestRunner.run(TestRunner.java:613)
	at org.testng.SuiteRunner.runTest(SuiteRunner.java:357)
	at org.testng.SuiteRunner.runSequentially(SuiteRunner.java:352)
	at org.testng.SuiteRunner.privateRun(SuiteRunner.java:310)
	at org.testng.SuiteRunner.run(SuiteRunner.java:259)
	at org.testng.SuiteRunnerWorker.runSuite(SuiteRunnerWorker.java:52)
	at org.testng.SuiteRunnerWorker.run(SuiteRunnerWorker.java:86)
	at org.testng.TestNG.runSuitesSequentially(TestNG.java:1199)
	at org.testng.TestNG.runSuitesLocally(TestNG.java:1124)
	at org.testng.TestNG.run(TestNG.java:1032)
	at org.testng.remote.AbstractRemoteTestNG.run(AbstractRemoteTestNG.java:132)
	at org.testng.remote.RemoteTestNG.initAndRun(RemoteTestNG.java:230)
	at org.testng.remote.RemoteTestNG.main(RemoteTestNG.java:76)
</pre></div><a href='#' onClick='toggleBox("stack-trace1846896625", this, "Click to show all stack frames", "Click to hide stack frames")'>Click to show all stack frames</a>
<div class='stack-trace' id='stack-trace1846896625'><pre>org.testng.TestNGException: 
Parameter &apos;browser&apos; is required by @Configuration on method setup but has not been marked @Optional or defined
in C:\Users\nitu\AppData\Local\Temp\testng-eclipse--357330964\testng-customsuite.xml
	at org.testng.internal.Parameters.createParameters(Parameters.java:165)
	at org.testng.internal.Parameters.createParameters(Parameters.java:372)
	at org.testng.internal.Parameters.createConfigurationParameters(Parameters.java:90)
	at org.testng.internal.Invoker.invokeConfigurations(Invoker.java:199)
	at org.testng.internal.Invoker.invokeConfigurations(Invoker.java:140)
	at org.testng.TestRunner.beforeRun(TestRunner.java:645)
	at org.testng.TestRunner.run(TestRunner.java:613)
	at org.testng.SuiteRunner.runTest(SuiteRunner.java:357)
	at org.testng.SuiteRunner.runSequentially(SuiteRunner.java:352)
	at org.testng.SuiteRunner.privateRun(SuiteRunner.java:310)
	at org.testng.SuiteRunner.run(SuiteRunner.java:259)
	at org.testng.SuiteRunnerWorker.runSuite(SuiteRunnerWorker.java:52)
	at org.testng.SuiteRunnerWorker.run(SuiteRunnerWorker.java:86)
	at org.testng.TestNG.runSuitesSequentially(TestNG.java:1199)
	at org.testng.TestNG.runSuitesLocally(TestNG.java:1124)
	at org.testng.TestNG.run(TestNG.java:1032)
	at org.testng.remote.AbstractRemoteTestNG.run(AbstractRemoteTestNG.java:132)
	at org.testng.remote.RemoteTestNG.initAndRun(RemoteTestNG.java:230)
	at org.testng.remote.RemoteTestNG.main(RemoteTestNG.java:76)
</pre></div></td>
<td>0</td>
<td>null</td></tr>
</table><p>
<table width='100%' border='1' class='invocation-skipped'>
<tr><td colspan='4' align='center'><b>SKIPPED CONFIGURATIONS</b></td></tr>
<tr><td><b>Test method</b></td>
<td width="30%"><b>Exception</b></td>
<td width="10%"><b>Time (seconds)</b></td>
<td><b>Instance</b></td>
</tr>
<tr>
<td title='testscripts.PurchaseComputer.setup()'><b>setup</b><br>Test class: testscripts.PurchaseComputer</td>
<td></td>
<td>0</td>
<td>null</td></tr>
<tr>
<td title='testscripts.UserSignUp.setUp()'><b>setUp</b><br>Test class: testscripts.UserSignUp</td>
<td></td>
<td>0</td>
<td>testscripts.UserSignUp@77caeb3e</td></tr>
<tr>
<td title='testscripts.RegisterNewUser.setUp()'><b>setUp</b><br>Test class: testscripts.RegisterNewUser</td>
<td></td>
<td>0</td>
<td>testscripts.RegisterNewUser@42d80b78</td></tr>
<tr>
<td title='testscripts.PurchaseComputer.cleanUp()'><b>cleanUp</b><br>Test class: testscripts.PurchaseComputer</td>
<td></td>
<td>0</td>
<td>null</td></tr>
</table><p>
<table width='100%' border='1' class='invocation-skipped'>
<tr><td colspan='4' align='center'><b>SKIPPED TESTS</b></td></tr>
<tr><td><b>Test method</b></td>
<td width="30%"><b>Exception</b></td>
<td width="10%"><b>Time (seconds)</b></td>
<td><b>Instance</b></td>
</tr>
<tr>
<td title='testscripts.PurchaseComputer.purchase()'><b>purchase</b><br>Test class: testscripts.PurchaseComputer</td>
<td></td>
<td>0</td>
<td>testscripts.PurchaseComputer@1e88b3c</td></tr>
<tr>
<td title='testscripts.RegisterNewUser.registerSingleUser()'><b>registerSingleUser</b><br>Test class: testscripts.RegisterNewUser</td>
<td></td>
<td>0</td>
<td>testscripts.RegisterNewUser@42d80b78</td></tr>
<tr>
<td title='testscripts.RegisterNewUser.registerUser()'><b>registerUser</b><br>Test class: testscripts.RegisterNewUser<br>Parameters: F, A, AB, 1, 1, 1990, A1111A11@yahoo.com, 111, 111, Fremont, Al, US, 12345, 1111111, 111111, abc, abc</td>
<td></td>
<td>0</td>
<td>testscripts.RegisterNewUser@42d80b78</td></tr>
<tr>
<td title='testscripts.RegisterNewUser.registerUser()'><b>registerUser</b><br>Test class: testscripts.RegisterNewUser<br>Parameters: M, B, BC, 2, 2, 1990, A1121A11@yahoo.com, 222, 222, Fremont, Al, US, 12345, 1111111, 111111, bbb, bbb</td>
<td></td>
<td>0</td>
<td>testscripts.RegisterNewUser@42d80b78</td></tr>
<tr>
<td title='testscripts.RegisterNewUser.registerUser()'><b>registerUser</b><br>Test class: testscripts.RegisterNewUser<br>Parameters: F, C, CD, 3, 3, 1990, A1131A11@yahoo.com, 333, 333, Fremont, Al, US, 12345, 1111111, 111111, ccc, ccc</td>
<td></td>
<td>0</td>
<td>testscripts.RegisterNewUser@42d80b78</td></tr>
<tr>
<td title='testscripts.UserSignUp.signUp()'><b>signUp</b><br>Test class: testscripts.UserSignUp</td>
<td></td>
<td>0</td>
<td>testscripts.UserSignUp@77caeb3e</td></tr>
</table><p>
</body>
</html>